<?xml version="1.0" encoding="UTF-8"?>
<!-- Generated by org.testng.reporters.JUnitReportReporter -->
<testsuite hostname="DESKTOP-BB6NM3K" failures="0" tests="5" name="testng.TestNgDemo4" time="0.036" errors="0" timestamp="2024-09-18T04:27:06 GMT-07:00" skipped="0">
  <testcase classname="testng.TestNgDemo4" name="createContact" time="0.003"/>
  <system-out/>
  <testcase classname="testng.TestNgDemo4" name="deleteContact" time="0.003"/>
  <system-out/>
  <testcase classname="testng.TestNgDemo4" name="modifyContact" time="0.004"/>
  <system-out/>
  <testcase classname="testng.TestNgDemo4" name="createContact" time="0.023"/>
  <system-out/>
  <testcase classname="testng.TestNgDemo4" name="createContact" time="0.003"/>
  <system-out/>
</testsuite> <!-- testng.TestNgDemo4 -->
