<?xml version="1.0" encoding="UTF-8"?>
<!-- Generated by org.testng.reporters.JUnitReportReporter -->
<testsuite hostname="DESKTOP-BB6NM3K" failures="0" tests="2" name="testng.DataProviderEx1" time="0.021" errors="0" timestamp="2024-09-19T02:50:00 GMT-07:00" skipped="0">
  <testcase classname="testng.DataProviderEx1" name="bookTickets" time="0.007"/>
  <system-out/>
  <testcase classname="testng.DataProviderEx1" name="bookTickets" time="0.014"/>
  <system-out/>
</testsuite> <!-- testng.DataProviderEx1 -->
