<?xml version="1.0" encoding="UTF-8"?>
<!-- Generated by org.testng.reporters.JUnitReportReporter -->
<testsuite hostname="DESKTOP-BB6NM3K" failures="0" tests="1" name="product.CreateProductTest" time="87.131" errors="0" timestamp="2024-10-15T00:04:15 GMT-07:00" skipped="0">
  <testcase classname="product.CreateProductTest" name="createProductTest" time="87.131"/>
  <system-out/>
</testsuite> <!-- product.CreateProductTest -->
