<?xml version="1.0" encoding="UTF-8"?>
<!-- Generated by org.testng.reporters.JUnitReportReporter -->
<testsuite hostname="DESKTOP-BB6NM3K" failures="0" tests="3" name="testng.DataProviderEx3" time="164.202" errors="0" timestamp="2024-09-21T01:51:47 GMT-07:00" skipped="0">
  <testcase classname="testng.DataProviderEx3" name="organizationModuleTest" time="35.837"/>
  <system-out/>
  <testcase classname="testng.DataProviderEx3" name="organizationModuleTest" time="36.254"/>
  <system-out/>
  <testcase classname="testng.DataProviderEx3" name="organizationModuleTest" time="92.111"/>
  <system-out/>
</testsuite> <!-- testng.DataProviderEx3 -->
