<?xml version="1.0" encoding="UTF-8"?>
<!-- Generated by org.testng.reporters.JUnitReportReporter -->
<testsuite hostname="DESKTOP-BB6NM3K" failures="0" tests="1" name="product.CreateProductAndDeleteTest" time="39.958" errors="0" timestamp="2024-10-15T11:57:26 GMT-07:00" skipped="0">
  <testcase classname="product.CreateProductAndDeleteTest" name="createProductAndDeleteTest" time="39.958"/>
  <system-out/>
</testsuite> <!-- product.CreateProductAndDeleteTest -->
