<?xml version="1.0" encoding="UTF-8"?>
<!-- Generated by org.testng.reporters.JUnitReportReporter -->
<testsuite hostname="DESKTOP-BB6NM3K" failures="0" tests="5" name="testngPractice.TestNGEX4" time="0.064" errors="0" timestamp="18 Sep 2024 10:49:34 GMT" skipped="0">
  <testcase classname="testngPractice.TestNGEX4" name="modifyContact" time="0.010"/>
  <testcase classname="testngPractice.TestNGEX4" name="createContact" time="0.005"/>
  <testcase classname="testngPractice.TestNGEX4" name="deleteContact" time="0.008"/>
  <testcase classname="testngPractice.TestNGEX4" name="createContact" time="0.023"/>
  <testcase classname="testngPractice.TestNGEX4" name="createContact" time="0.018"/>
</testsuite> <!-- testngPractice.TestNGEX4 -->
