<?xml version="1.0" encoding="UTF-8"?>
<!-- Generated by org.testng.reporters.JUnitReportReporter -->
<testsuite hostname="DESKTOP-BB6NM3K" failures="0" tests="3" name="testng.DataProviderEx2" time="107.068" errors="0" timestamp="2024-09-19T04:41:21 GMT-07:00" skipped="0">
  <testcase classname="testng.DataProviderEx2" name="organizationModuleTest" time="38.129"/>
  <system-out/>
  <testcase classname="testng.DataProviderEx2" name="organizationModuleTest" time="34.385"/>
  <system-out/>
  <testcase classname="testng.DataProviderEx2" name="organizationModuleTest" time="34.554"/>
  <system-out/>
</testsuite> <!-- testng.DataProviderEx2 -->
