<?xml version="1.0" encoding="UTF-8"?>
<!-- Generated by org.testng.reporters.JUnitReportReporter -->
<testsuite hostname="DESKTOP-BB6NM3K" failures="0" tests="1" name="product.CreateProductTest" time="137.306" errors="0" timestamp="2024-10-07T01:56:55 GMT-07:00" skipped="0">
  <testcase classname="product.CreateProductTest" name="createProductTest" time="137.306"/>
  <system-out/>
</testsuite> <!-- product.CreateProductTest -->
