<?xml version="1.0" encoding="UTF-8"?>
<!-- Generated by org.testng.reporters.JUnitReportReporter -->
<testsuite hostname="DESKTOP-BB6NM3K" failures="0" tests="3" name="testngPractice.SampleTest" time="0.032" errors="0" timestamp="18 Sep 2024 10:41:48 GMT" skipped="0">
  <testcase classname="testngPractice.SampleTest" name="deleteContact" time="0.019"/>
  <testcase classname="testngPractice.SampleTest" name="modifyContact" time="0.003"/>
  <testcase classname="testngPractice.SampleTest" name="createContact" time="0.010"/>
</testsuite> <!-- testngPractice.SampleTest -->
