<?xml version="1.0" encoding="UTF-8"?>
<!-- Generated by org.testng.reporters.JUnitReportReporter -->
<testsuite hostname="DESKTOP-BB6NM3K" failures="0" tests="1" name="testng.HardAssertEx2" time="45.964" errors="0" timestamp="2024-09-25T07:55:31 GMT-07:00" skipped="0">
  <testcase classname="testng.HardAssertEx2" name="login" time="45.964"/>
  <system-out/>
</testsuite> <!-- testng.HardAssertEx2 -->
