<?xml version="1.0" encoding="UTF-8"?>
<!-- Generated by org.testng.reporters.JUnitReportReporter -->
<testsuite hostname="DESKTOP-BB6NM3K" failures="0" tests="1" name="organization.CreateOrganiZATIONtstTest" time="43.446" errors="0" timestamp="2024-10-07T02:04:35 GMT-07:00" skipped="0">
  <testcase classname="organization.CreateOrganiZATIONtstTest" name="createOrganiZATIONtstTest" time="43.446"/>
  <system-out/>
</testsuite> <!-- organization.CreateOrganiZATIONtstTest -->
