<?xml version="1.0" encoding="UTF-8"?>
<!-- Generated by org.testng.reporters.JUnitReportReporter -->
<testsuite hostname="DESKTOP-BB6NM3K" failures="0" tests="3" name="testngPractice.TestNgEx3" time="0.024" errors="0" timestamp="18 Sep 2024 10:42:59 GMT" skipped="1">
  <testcase classname="testngPractice.TestNgEx3" name="deleteContact" time="0.004"/>
  <testcase classname="testngPractice.TestNgEx3" name="createContact" time="0.020"/>
  <testcase classname="testngPractice.TestNgEx3" name="modifyContact">
    <skipped/>
  </testcase> <!-- modifyContact -->
</testsuite> <!-- testngPractice.TestNgEx3 -->
