<?xml version="1.0" encoding="UTF-8"?>
<!-- Generated by org.testng.reporters.JUnitReportReporter -->
<testsuite hostname="DESKTOP-BB6NM3K" failures="0" tests="1" name="campaign.CreateCampWithProductTest" time="240.765" errors="0" timestamp="2024-10-05T02:11:42 GMT-07:00" skipped="0">
  <testcase classname="campaign.CreateCampWithProductTest" name="createCampWithProductTest" time="240.765"/>
  <system-out/>
</testsuite> <!-- campaign.CreateCampWithProductTest -->
