<?xml version="1.0" encoding="UTF-8"?>
<!-- Generated by org.testng.reporters.JUnitReportReporter -->
<testsuite hostname="DESKTOP-BB6NM3K" failures="0" tests="3" name="testngPractice.TestNgEX2" time="0.039" errors="0" timestamp="18 Sep 2024 10:40:59 GMT" skipped="0">
  <testcase classname="testngPractice.TestNgEX2" name="createContact" time="0.029"/>
  <testcase classname="testngPractice.TestNgEX2" name="modifyContact" time="0.006"/>
  <testcase classname="testngPractice.TestNgEX2" name="deleteContact" time="0.004"/>
</testsuite> <!-- testngPractice.TestNgEX2 -->
