<?xml version="1.0" encoding="UTF-8"?>
<!-- Generated by org.testng.reporters.JUnitReportReporter -->
<testsuite hostname="DESKTOP-BB6NM3K" failures="0" tests="1" name="organization.CreateOrganiZATIONtstTest" time="40.795" errors="0" timestamp="2024-10-15T04:48:12 GMT-07:00" skipped="0">
  <testcase classname="organization.CreateOrganiZATIONtstTest" name="createOrganiZATIONtstTest" time="40.795"/>
  <system-out/>
</testsuite> <!-- organization.CreateOrganiZATIONtstTest -->
