<?xml version="1.0" encoding="UTF-8"?>
<!-- Generated by org.testng.reporters.JUnitReportReporter -->
<testsuite hostname="DESKTOP-BB6NM3K" failures="0" tests="1" name="campaign.CreateCampaiAGnTest" time="26.771" errors="0" timestamp="2024-10-15T01:59:11 GMT-07:00" skipped="0">
  <testcase classname="campaign.CreateCampaiAGnTest" name="createCampaiAGnTest" time="26.771"/>
  <system-out/>
</testsuite> <!-- campaign.CreateCampaiAGnTest -->
